mobile/shop-owner-app/build/app/intermediates/manifest_merge_blame_file/debug/manifest-merger-blame-debug-report.txt
1<?xml version="1.0" encoding="utf-8"?>
2<manifest xmlns:android="http://schemas.android.com/apk/res/android"
3    package="com.nammaooru.shop_owner_app"
4    android:versionCode="1"
5    android:versionName="1.0.0" >
6
7    <uses-sdk
8        android:minSdkVersion="21"
9        android:targetSdkVersion="35" />
10
11    <!-- Minimal permissions -->
12    <uses-permission android:name="android.permission.INTERNET" />
12-->src\main\AndroidManifest.xml:5:5-67
12-->src\main\AndroidManifest.xml:5:22-64
13
14    <!-- Required to query activities that can process text -->
15    <queries>
15-->src\main\AndroidManifest.xml:40:5-45:15
16        <intent>
16-->src\main\AndroidManifest.xml:41:9-44:18
17            <action android:name="android.intent.action.PROCESS_TEXT" />
17-->src\main\AndroidManifest.xml:42:13-73
17-->src\main\AndroidManifest.xml:42:21-70
18
19            <data android:mimeType="text/plain" />
19-->src\main\AndroidManifest.xml:43:13-51
19-->src\main\AndroidManifest.xml:43:19-48
20        </intent>
21    </queries>
22
23    <permission
23-->[androidx.core:core:1.13.1] AndroidManifest.xml:22:5-24:47
24        android:name="com.nammaooru.shop_owner_app.DYNAMIC_RECEIVER_NOT_EXPORTED_PERMISSION"
24-->[androidx.core:core:1.13.1] AndroidManifest.xml:23:9-81
25        android:protectionLevel="signature" />
25-->[androidx.core:core:1.13.1] AndroidManifest.xml:24:9-44
26
27    <uses-permission android:name="com.nammaooru.shop_owner_app.DYNAMIC_RECEIVER_NOT_EXPORTED_PERMISSION" />
27-->[androidx.core:core:1.13.1] AndroidManifest.xml:26:5-97
27-->[androidx.core:core:1.13.1] AndroidManifest.xml:26:22-94
28
29    <application
30        android:name="android.app.Application"
30-->src\main\AndroidManifest.xml:9:9-42
31        android:appComponentFactory="androidx.core.app.CoreComponentFactory"
31-->[androidx.core:core:1.13.1] AndroidManifest.xml:28:18-86
32        android:debuggable="true"
33        android:enableOnBackInvokedCallback="true"
33-->src\main\AndroidManifest.xml:11:9-51
34        android:extractNativeLibs="true"
35        android:icon="@mipmap/ic_launcher"
35-->src\main\AndroidManifest.xml:10:9-43
36        android:label="NammaOoru Shop Owner" >
36-->src\main\AndroidManifest.xml:8:9-45
37        <activity
37-->src\main\AndroidManifest.xml:13:9-29:20
38            android:name="com.nammaooru.shop_owner_app.MainActivity"
38-->src\main\AndroidManifest.xml:14:13-41
39            android:exported="true"
39-->src\main\AndroidManifest.xml:15:13-36
40            android:launchMode="singleTop"
40-->src\main\AndroidManifest.xml:16:13-43
41            android:screenOrientation="portrait"
41-->src\main\AndroidManifest.xml:18:13-49
42            android:theme="@style/LaunchTheme"
42-->src\main\AndroidManifest.xml:17:13-47
43            android:windowSoftInputMode="adjustResize" >
43-->src\main\AndroidManifest.xml:19:13-55
44            <meta-data
44-->src\main\AndroidManifest.xml:21:13-23:57
45                android:name="io.flutter.embedding.android.NormalTheme"
45-->src\main\AndroidManifest.xml:22:17-72
46                android:resource="@style/NormalTheme" />
46-->src\main\AndroidManifest.xml:23:17-54
47
48            <intent-filter android:autoVerify="true" >
48-->src\main\AndroidManifest.xml:25:13-28:29
48-->src\main\AndroidManifest.xml:25:28-53
49                <action android:name="android.intent.action.MAIN" />
49-->src\main\AndroidManifest.xml:26:17-68
49-->src\main\AndroidManifest.xml:26:25-66
50
51                <category android:name="android.intent.category.LAUNCHER" />
51-->src\main\AndroidManifest.xml:27:17-76
51-->src\main\AndroidManifest.xml:27:27-74
52            </intent-filter>
53        </activity>
54
55        <!--
56             Don't delete the meta-data below.
57             This is used by the Flutter tool to generate GeneratedPluginRegistrant.java
58        -->
59        <meta-data
59-->src\main\AndroidManifest.xml:34:9-36:33
60            android:name="flutterEmbedding"
60-->src\main\AndroidManifest.xml:35:13-44
61            android:value="2" />
61-->src\main\AndroidManifest.xml:36:13-30
62
63        <provider
63-->[:image_picker_android] AndroidManifest.xml:9:9-17:20
64            android:name="io.flutter.plugins.imagepicker.ImagePickerFileProvider"
64-->[:image_picker_android] AndroidManifest.xml:10:13-82
65            android:authorities="com.nammaooru.shop_owner_app.flutter.image_provider"
65-->[:image_picker_android] AndroidManifest.xml:11:13-74
66            android:exported="false"
66-->[:image_picker_android] AndroidManifest.xml:12:13-37
67            android:grantUriPermissions="true" >
67-->[:image_picker_android] AndroidManifest.xml:13:13-47
68            <meta-data
68-->[:image_picker_android] AndroidManifest.xml:14:13-16:75
69                android:name="android.support.FILE_PROVIDER_PATHS"
69-->[:image_picker_android] AndroidManifest.xml:15:17-67
70                android:resource="@xml/flutter_image_picker_file_paths" />
70-->[:image_picker_android] AndroidManifest.xml:16:17-72
71        </provider> <!-- Trigger Google Play services to install the backported photo picker module. -->
72        <service
72-->[:image_picker_android] AndroidManifest.xml:19:9-31:19
73            android:name="com.google.android.gms.metadata.ModuleDependencies"
73-->[:image_picker_android] AndroidManifest.xml:20:13-78
74            android:enabled="false"
74-->[:image_picker_android] AndroidManifest.xml:21:13-36
75            android:exported="false" >
75-->[:image_picker_android] AndroidManifest.xml:22:13-37
76            <intent-filter>
76-->[:image_picker_android] AndroidManifest.xml:24:13-26:29
77                <action android:name="com.google.android.gms.metadata.MODULE_DEPENDENCIES" />
77-->[:image_picker_android] AndroidManifest.xml:25:17-94
77-->[:image_picker_android] AndroidManifest.xml:25:25-91
78            </intent-filter>
79
80            <meta-data
80-->[:image_picker_android] AndroidManifest.xml:28:13-30:36
81                android:name="photopicker_activity:0:required"
81-->[:image_picker_android] AndroidManifest.xml:29:17-63
82                android:value="" />
82-->[:image_picker_android] AndroidManifest.xml:30:17-33
83        </service>
84
85        <activity
85-->[:url_launcher_android] AndroidManifest.xml:8:9-11:74
86            android:name="io.flutter.plugins.urllauncher.WebViewActivity"
86-->[:url_launcher_android] AndroidManifest.xml:9:13-74
87            android:exported="false"
87-->[:url_launcher_android] AndroidManifest.xml:10:13-37
88            android:theme="@android:style/Theme.NoTitleBar.Fullscreen" />
88-->[:url_launcher_android] AndroidManifest.xml:11:13-71
89
90        <uses-library
90-->[androidx.window:window:1.2.0] AndroidManifest.xml:23:9-25:40
91            android:name="androidx.window.extensions"
91-->[androidx.window:window:1.2.0] AndroidManifest.xml:24:13-54
92            android:required="false" />
92-->[androidx.window:window:1.2.0] AndroidManifest.xml:25:13-37
93        <uses-library
93-->[androidx.window:window:1.2.0] AndroidManifest.xml:26:9-28:40
94            android:name="androidx.window.sidecar"
94-->[androidx.window:window:1.2.0] AndroidManifest.xml:27:13-51
95            android:required="false" />
95-->[androidx.window:window:1.2.0] AndroidManifest.xml:28:13-37
96
97        <provider
97-->[androidx.lifecycle:lifecycle-process:2.7.0] AndroidManifest.xml:24:9-32:20
98            android:name="androidx.startup.InitializationProvider"
98-->[androidx.lifecycle:lifecycle-process:2.7.0] AndroidManifest.xml:25:13-67
99            android:authorities="com.nammaooru.shop_owner_app.androidx-startup"
99-->[androidx.lifecycle:lifecycle-process:2.7.0] AndroidManifest.xml:26:13-68
100            android:exported="false" >
100-->[androidx.lifecycle:lifecycle-process:2.7.0] AndroidManifest.xml:27:13-37
101            <meta-data
101-->[androidx.lifecycle:lifecycle-process:2.7.0] AndroidManifest.xml:29:13-31:52
102                android:name="androidx.lifecycle.ProcessLifecycleInitializer"
102-->[androidx.lifecycle:lifecycle-process:2.7.0] AndroidManifest.xml:30:17-78
103                android:value="androidx.startup" />
103-->[androidx.lifecycle:lifecycle-process:2.7.0] AndroidManifest.xml:31:17-49
104            <meta-data
104-->[androidx.profileinstaller:profileinstaller:1.3.1] AndroidManifest.xml:29:13-31:52
105                android:name="androidx.profileinstaller.ProfileInstallerInitializer"
105-->[androidx.profileinstaller:profileinstaller:1.3.1] AndroidManifest.xml:30:17-85
106                android:value="androidx.startup" />
106-->[androidx.profileinstaller:profileinstaller:1.3.1] AndroidManifest.xml:31:17-49
107        </provider>
108
109        <receiver
109-->[androidx.profileinstaller:profileinstaller:1.3.1] AndroidManifest.xml:34:9-52:20
110            android:name="androidx.profileinstaller.ProfileInstallReceiver"
110-->[androidx.profileinstaller:profileinstaller:1.3.1] AndroidManifest.xml:35:13-76
111            android:directBootAware="false"
111-->[androidx.profileinstaller:profileinstaller:1.3.1] AndroidManifest.xml:36:13-44
112            android:enabled="true"
112-->[androidx.profileinstaller:profileinstaller:1.3.1] AndroidManifest.xml:37:13-35
113            android:exported="true"
113-->[androidx.profileinstaller:profileinstaller:1.3.1] AndroidManifest.xml:38:13-36
114            android:permission="android.permission.DUMP" >
114-->[androidx.profileinstaller:profileinstaller:1.3.1] AndroidManifest.xml:39:13-57
115            <intent-filter>
115-->[androidx.profileinstaller:profileinstaller:1.3.1] AndroidManifest.xml:40:13-42:29
116                <action android:name="androidx.profileinstaller.action.INSTALL_PROFILE" />
116-->[androidx.profileinstaller:profileinstaller:1.3.1] AndroidManifest.xml:41:17-91
116-->[androidx.profileinstaller:profileinstaller:1.3.1] AndroidManifest.xml:41:25-88
117            </intent-filter>
118            <intent-filter>
118-->[androidx.profileinstaller:profileinstaller:1.3.1] AndroidManifest.xml:43:13-45:29
119                <action android:name="androidx.profileinstaller.action.SKIP_FILE" />
119-->[androidx.profileinstaller:profileinstaller:1.3.1] AndroidManifest.xml:44:17-85
119-->[androidx.profileinstaller:profileinstaller:1.3.1] AndroidManifest.xml:44:25-82
120            </intent-filter>
121            <intent-filter>
121-->[androidx.profileinstaller:profileinstaller:1.3.1] AndroidManifest.xml:46:13-48:29
122                <action android:name="androidx.profileinstaller.action.SAVE_PROFILE" />
122-->[androidx.profileinstaller:profileinstaller:1.3.1] AndroidManifest.xml:47:17-88
122-->[androidx.profileinstaller:profileinstaller:1.3.1] AndroidManifest.xml:47:25-85
123            </intent-filter>
124            <intent-filter>
124-->[androidx.profileinstaller:profileinstaller:1.3.1] AndroidManifest.xml:49:13-51:29
125                <action android:name="androidx.profileinstaller.action.BENCHMARK_OPERATION" />
125-->[androidx.profileinstaller:profileinstaller:1.3.1] AndroidManifest.xml:50:17-95
125-->[androidx.profileinstaller:profileinstaller:1.3.1] AndroidManifest.xml:50:25-92
126            </intent-filter>
127        </receiver>
128    </application>
129
130</manifest>